============================= test session starts ==============================
platform darwin -- Python 3.8.2, pytest-6.2.5, py-1.10.0, pluggy-1.0.0 -- /Library/Developer/CommandLineTools/usr/bin/python3
cachedir: .pytest_cache
rootdir: /Users/andrey/Documents/Coding/beetroot/lesson_25
collecting ... collected 24 items

test_tasks.py::TestTask1::test_int_input[2-3-8] PASSED                   [  4%]
test_tasks.py::TestTask1::test_int_input[2-1-2] PASSED                   [  8%]
test_tasks.py::TestTask1::test_int_input[2-0-1] PASSED                   [ 12%]
test_tasks.py::TestTask1::test_negative_input PASSED                     [ 16%]
test_tasks.py::TestTask2::test_palindrome[abba-True] PASSED              [ 20%]
test_tasks.py::TestTask2::test_palindrome[mom-True] PASSED               [ 25%]
test_tasks.py::TestTask2::test_palindrome[AnNa-True] PASSED              [ 29%]
test_tasks.py::TestTask2::test_palindrome[123321-True] PASSED            [ 33%]
test_tasks.py::TestTask2::test_palindrome[-True] PASSED                  [ 37%]
test_tasks.py::TestTask2::test_palindrome[I-True] PASSED                 [ 41%]
test_tasks.py::TestTask2::test_palindrome[pijama-False] PASSED           [ 45%]
test_tasks.py::TestTask2::test_int_input PASSED                          [ 50%]
test_tasks.py::TestTask3::test_int_input[2-4-8] PASSED                   [ 54%]
test_tasks.py::TestTask3::test_int_input[2-0-0] PASSED                   [ 58%]
test_tasks.py::TestTask3::test_int_input[9-9-81] PASSED                  [ 62%]
test_tasks.py::TestTask3::test_negative_input PASSED                     [ 66%]
test_tasks.py::TestTask3::test_float PASSED                              [ 70%]
test_tasks.py::TestTask4::test_reverse[hello-olleh] PASSED               [ 75%]
test_tasks.py::TestTask4::test_reverse[o-o] PASSED                       [ 79%]
test_tasks.py::TestTask4::test_reverse[-] PASSED                         [ 83%]
test_tasks.py::TestTask5::test_digit_input[123-6] PASSED                 [ 87%]
test_tasks.py::TestTask5::test_digit_input[999-27] PASSED                [ 91%]
test_tasks.py::TestTask5::test_digit_input[0-0] PASSED                   [ 95%]
test_tasks.py::TestTask5::test_nondigit_input PASSED                     [100%]

============================== 24 passed in 0.05s ==============================
